app/build/outputs/logs/manifest-merger-debug-report.txt
-- Merging decision tree log ---
manifest
ADDED from src/main/AndroidManifest.xml:2:1-48:12
	xmlns:android
		ADDED from src/main/AndroidManifest.xml:2:11-69
	package
		ADDED from src/main/AndroidManifest.xml:3:7-27
		INJECTED from src/main/AndroidManifest.xml
		INJECTED from src/main/AndroidManifest.xml
	android:versionName
		ADDED from src/main/AndroidManifest.xml:5:7-32
		INJECTED from src/main/AndroidManifest.xml
		INJECTED from src/main/AndroidManifest.xml
	android:versionCode
		ADDED from src/main/AndroidManifest.xml:4:7-30
		INJECTED from src/main/AndroidManifest.xml
		INJECTED from src/main/AndroidManifest.xml
uses-sdk
ADDED from src/main/AndroidManifest.xml:8:5-44
MERGED from [com.google.android.gms:play-services-appindexing:8.1.0] AndroidManifest.xml:18:5-42
MERGED from [com.google.android.gms:play-services-basement:8.1.0] AndroidManifest.xml:18:5-42
MERGED from [com.android.support:support-v4:22.2.0] AndroidManifest.xml:20:5-43
	android:targetSdkVersion
		INJECTED from src/main/AndroidManifest.xml
		INJECTED from src/main/AndroidManifest.xml
	android:minSdkVersion
		ADDED from src/main/AndroidManifest.xml:8:15-41
		INJECTED from src/main/AndroidManifest.xml
		INJECTED from src/main/AndroidManifest.xml
uses-permission#android.permission.INTERNET
ADDED from src/main/AndroidManifest.xml:9:5-83
	android:name
		ADDED from src/main/AndroidManifest.xml:9:22-64
uses-permission#android.permission.WAKE_LOCK
ADDED from src/main/AndroidManifest.xml:10:2-81
	android:name
		ADDED from src/main/AndroidManifest.xml:10:19-62
uses-permission#android.permission.ACCESS_WIFI_STATE
ADDED from src/main/AndroidManifest.xml:11:2-89
	android:name
		ADDED from src/main/AndroidManifest.xml:11:19-70
uses-permission#adnroid.permission.CHANGE_WIFI_STATE
ADDED from src/main/AndroidManifest.xml:12:2-89
	android:name
		ADDED from src/main/AndroidManifest.xml:12:19-70
uses-permission#android.permission.MOUNT_UNMOUNT_FILESYSTEMS
ADDED from src/main/AndroidManifest.xml:14:6-102
	android:name
		ADDED from src/main/AndroidManifest.xml:14:23-82
uses-permission#android.permission.WRITE_EXTERNAL_STORAGE
ADDED from src/main/AndroidManifest.xml:16:3-96
	android:name
		ADDED from src/main/AndroidManifest.xml:16:20-76
uses-permission#android.permission.RESTART_PACKAGES
ADDED from src/main/AndroidManifest.xml:17:3-90
	android:name
		ADDED from src/main/AndroidManifest.xml:17:20-70
application
ADDED from src/main/AndroidManifest.xml:25:2-47:16
MERGED from [com.google.android.gms:play-services-appindexing:8.1.0] AndroidManifest.xml:19:5-20
MERGED from [com.google.android.gms:play-services-basement:8.1.0] AndroidManifest.xml:20:5-24:19
MERGED from [com.android.support:support-v4:22.2.0] AndroidManifest.xml:22:5-20
	android:label
		ADDED from src/main/AndroidManifest.xml:25:45-77
	android:icon
		ADDED from src/main/AndroidManifest.xml:25:15-44
activity#wificar.MyMainFrm
ADDED from src/main/AndroidManifest.xml:26:9-32:20
	android:label
		ADDED from src/main/AndroidManifest.xml:27:19-51
	android:name
		ADDED from src/main/AndroidManifest.xml:26:19-51
intent-filter#android.intent.action.MAIN+android.intent.category.LAUNCHER
ADDED from src/main/AndroidManifest.xml:28:13-31:29
action#android.intent.action.MAIN
ADDED from src/main/AndroidManifest.xml:29:17-69
	android:name
		ADDED from src/main/AndroidManifest.xml:29:25-66
category#android.intent.category.LAUNCHER
ADDED from src/main/AndroidManifest.xml:30:17-77
	android:name
		ADDED from src/main/AndroidManifest.xml:30:27-74
activity#wificar.MyVideo
ADDED from src/main/AndroidManifest.xml:35:3-37:41
	android:screenOrientation
		ADDED from src/main/AndroidManifest.xml:36:7-44
	android:label
		ADDED from src/main/AndroidManifest.xml:37:7-39
	android:name
		ADDED from src/main/AndroidManifest.xml:35:13-43
activity#wificar.BgPictureShowActivity
ADDED from src/main/AndroidManifest.xml:38:3-41:53
	android:screenOrientation
		ADDED from src/main/AndroidManifest.xml:39:7-44
	android:label
		ADDED from src/main/AndroidManifest.xml:40:7-28
	android:theme
		ADDED from src/main/AndroidManifest.xml:41:7-50
	android:name
		ADDED from src/main/AndroidManifest.xml:38:13-57
meta-data#com.google.android.gms.version
ADDED from src/main/AndroidManifest.xml:43:6-45:66
MERGED from [com.google.android.gms:play-services-basement:8.1.0] AndroidManifest.xml:21:9-23:69
	android:name
		ADDED from src/main/AndroidManifest.xml:44:10-55
	android:value
		ADDED from src/main/AndroidManifest.xml:45:10-63